Password does not match
Traceback (most recent call last):
  File "/usr/lib/python2.7/site-packages/deluge/core/rpcserver.py", line 259, in dispatch
    ret = component.get("AuthManager").authorize(*args, **kwargs)
  File "/usr/lib/python2.7/site-packages/deluge/core/authmanager.py", line 93, in authorize
    raise BadLoginError("Password does not match")
BadLoginError: Password does not match
Password does not match
Traceback (most recent call last):
  File "/usr/lib/python2.7/site-packages/deluge/core/rpcserver.py", line 259, in dispatch
    ret = component.get("AuthManager").authorize(*args, **kwargs)
  File "/usr/lib/python2.7/site-packages/deluge/core/authmanager.py", line 93, in authorize
    raise BadLoginError("Password does not match")
BadLoginError: Password does not match
Exception calling RPC request: 'module' object has no attribute '_parse'
Traceback (most recent call last):
  File "/usr/lib/python2.7/site-packages/deluge/core/rpcserver.py", line 298, in dispatch
    ret = self.factory.methods[method](*args, **kwargs)
  File "/usr/lib/python2.7/site-packages/deluge/core/core.py", line 285, in add_torrent_url
    d = download_file(url, tempfile.mkstemp()[1], headers=headers, force_filename=True)
  File "/usr/lib/python2.7/site-packages/deluge/httpdownloader.py", line 195, in download_file
    scheme, host, port, path = client._parse(url)
AttributeError: 'module' object has no attribute '_parse'
Exception calling RPC request: 'module' object has no attribute '_parse'
Traceback (most recent call last):
  File "/usr/lib/python2.7/site-packages/deluge/core/rpcserver.py", line 298, in dispatch
    ret = self.factory.methods[method](*args, **kwargs)
  File "/usr/lib/python2.7/site-packages/deluge/core/core.py", line 285, in add_torrent_url
    d = download_file(url, tempfile.mkstemp()[1], headers=headers, force_filename=True)
  File "/usr/lib/python2.7/site-packages/deluge/httpdownloader.py", line 195, in download_file
    scheme, host, port, path = client._parse(url)
AttributeError: 'module' object has no attribute '_parse'
Exception calling RPC request: 'module' object has no attribute '_parse'
Traceback (most recent call last):
  File "/usr/lib/python2.7/site-packages/deluge/core/rpcserver.py", line 298, in dispatch
    ret = self.factory.methods[method](*args, **kwargs)
  File "/usr/lib/python2.7/site-packages/deluge/core/core.py", line 285, in add_torrent_url
    d = download_file(url, tempfile.mkstemp()[1], headers=headers, force_filename=True)
  File "/usr/lib/python2.7/site-packages/deluge/httpdownloader.py", line 195, in download_file
    scheme, host, port, path = client._parse(url)
AttributeError: 'module' object has no attribute '_parse'
Exception calling RPC request: 'module' object has no attribute '_parse'
Traceback (most recent call last):
  File "/usr/lib/python2.7/site-packages/deluge/core/rpcserver.py", line 298, in dispatch
    ret = self.factory.methods[method](*args, **kwargs)
  File "/usr/lib/python2.7/site-packages/deluge/core/core.py", line 285, in add_torrent_url
    d = download_file(url, tempfile.mkstemp()[1], headers=headers, force_filename=True)
  File "/usr/lib/python2.7/site-packages/deluge/httpdownloader.py", line 195, in download_file
    scheme, host, port, path = client._parse(url)
AttributeError: 'module' object has no attribute '_parse'
Exception calling RPC request: 'module' object has no attribute '_parse'
Traceback (most recent call last):
  File "/usr/lib/python2.7/site-packages/deluge/core/rpcserver.py", line 298, in dispatch
    ret = self.factory.methods[method](*args, **kwargs)
  File "/usr/lib/python2.7/site-packages/deluge/core/core.py", line 285, in add_torrent_url
    d = download_file(url, tempfile.mkstemp()[1], headers=headers, force_filename=True)
  File "/usr/lib/python2.7/site-packages/deluge/httpdownloader.py", line 195, in download_file
    scheme, host, port, path = client._parse(url)
AttributeError: 'module' object has no attribute '_parse'
